Build started 12/20/2010 7:33:01 PM.
     1>Project "C:\Users\Max\Desktop\formerege\greenworld Src\Demo05.vcxproj" on node 2 (build target(s)).
     1>InitializeBuildStatus:
         Creating ".\Release\Demo05.unsuccessfulbuild" because "AlwaysCreate" was specified.
       ClCompile:
         C:\Program Files\Microsoft Visual Studio 10.0\VC\bin\CL.exe /c /Zi /nologo- /W1 /WX- /O2 /Ob1 /Oy- /D WIN32 /D NDEBUG /D _WINDOWS /D _VC80_UPGRADE=0x0710 /D _MBCS /GF /Gm- /EHsc /MT /GS /Gy /fp:precise /Zc:wchar_t /Zc:forScope /Fo".\Release/" /Fd".\Release/vc100.pdb" /Gd /TP /analyze- /errorReport:prompt Main.cpp
         Microsoft (R) 32-bit C/C++ Optimizing Compiler Version 16.00.30319.01 for 80x86
         Copyright (C) Microsoft Corporation.  All rights reserved.
         
         cl /c /Zi /nologo- /W1 /WX- /O2 /Ob1 /Oy- /D WIN32 /D NDEBUG /D _WINDOWS /D _VC80_UPGRADE=0x0710 /D _MBCS /GF /Gm- /EHsc /MT /GS /Gy /fp:precise /Zc:wchar_t /Zc:forScope /Fo".\Release/" /Fd".\Release/vc100.pdb" /Gd /TP /analyze- /errorReport:prompt Main.cpp
     1>cl : Command line warning D9035: option 'nologo-' has been deprecated and will be removed in a future release
         
         Main.cpp
       Link:
         C:\Program Files\Microsoft Visual Studio 10.0\VC\bin\link.exe /ERRORREPORT:PROMPT /OUT:".\Release/Demo05.exe" /INCREMENTAL:NO /NOLOGO D3dx9.lib d3d9.lib ws2_32.lib winmm.lib dsound.lib dinput8.lib dxguid.lib dxerr.lib vfw32.lib kernel32.lib user32.lib gdi32.lib winspool.lib comdlg32.lib advapi32.lib shell32.lib ole32.lib oleaut32.lib uuid.lib odbc32.lib odbccp32.lib /MANIFEST /ManifestFile:".\Release\Demo05.exe.intermediate.manifest" /MANIFESTUAC:"level='asInvoker' uiAccess='false'" /PDB:".\Release/Demo05.pdb" /SUBSYSTEM:WINDOWS /TLBID:1 /DYNAMICBASE:NO /IMPLIB:".\Release\Demo05.lib" /MACHINE:X86 .\Release/abort.obj
         .\Release/Ai.obj
         .\Release/Barrier.obj
         .\Release/Crow.obj
         .\Release/debug.obj
         .\Release/flameGuy.obj
         .\Release/flameGuy2.obj
         .\Release/gamerenderer.obj
         .\Release/Homing.obj
         .\Release/ImageFileNameList.obj
         .\Release/Input.obj
         .\Release/IPMgr.obj
         .\Release/item.obj
         .\Release/lootList.obj
         .\Release/Main.obj
         .\Release/Monster.obj
         .\Release/Monster2.obj
         .\Release/Object.obj
         .\Release/Objman.obj
         .\Release/Random.obj
         .\Release/renderer.obj
         .\Release/roundMan.obj
         .\Release/roundMan2.obj
         .\Release/Sound.obj
         .\Release/Sprite.obj
         .\Release/SpriteMan.obj
         .\Release/Text.obj
         .\Release/Timer.obj
         .\Release/tinystr.obj
         .\Release/tinyxml.obj
         .\Release/tinyxmlerror.obj
         .\Release/tinyxmlparser.obj
         .\Release/Tornado.obj /MACHINE:I386 
         Demo05.vcxproj -> C:\Users\Max\Desktop\formerege\greenworld Src\.\Release\Demo05.exe
       Manifest:
         C:\Program Files\Microsoft SDKs\Windows\v7.0A\bin\mt.exe /nologo /verbose /outputresource:".\Release/Demo05.exe;#1" /manifest .\Release\Demo05.exe.intermediate.manifest
       FinalizeBuildStatus:
         Deleting file ".\Release\Demo05.unsuccessfulbuild".
         Touching ".\Release\Demo05.lastbuildstate".
     1>Done Building Project "C:\Users\Max\Desktop\formerege\greenworld Src\Demo05.vcxproj" (build target(s)).

Build succeeded.

Time Elapsed 00:00:01.69
